2024-09-22 03:38:32,443 - __main__ - INFO - Calculation completed successfully for Steel pipe with 0 bends
2024-09-22 03:38:53,226 - __main__ - INFO - Calculation completed successfully for PVC pipe with 3 bends
2024-09-22 03:38:59,353 - __main__ - INFO - Calculation completed successfully for Concrete pipe with 0 bends
2024-09-22 03:39:04,874 - __main__ - INFO - Calculation completed successfully for Cast Iron pipe with 0 bends
2024-09-22 03:39:12,888 - __main__ - INFO - Calculation completed successfully for PVC pipe with 0 bends
2024-09-22 03:39:16,341 - __main__ - INFO - Calculation completed successfully for Steel pipe with 3 bends
2024-09-22 03:39:22,037 - __main__ - INFO - Calculation completed successfully for PVC pipe with 2 bends
2024-09-22 03:39:22,667 - __main__ - INFO - Calculation completed successfully for Steel pipe with 3 bends
2024-09-22 03:39:28,402 - __main__ - INFO - Calculation completed successfully for PVC pipe with 2 bends
2024-09-22 03:39:29,030 - __main__ - INFO - Calculation completed successfully for Steel pipe with 3 bends
2024-09-22 03:39:34,681 - __main__ - INFO - Calculation completed successfully for PVC pipe with 2 bends
2024-09-22 03:39:35,405 - __main__ - INFO - Calculation completed successfully for Steel pipe with 3 bends
2024-09-22 03:39:41,068 - __main__ - INFO - Calculation completed successfully for PVC pipe with 2 bends
2024-09-22 03:39:41,695 - __main__ - INFO - Calculation completed successfully for Steel pipe with 3 bends
2024-09-22 03:39:47,452 - __main__ - INFO - Calculation completed successfully for PVC pipe with 2 bends
2024-09-22 03:39:48,097 - __main__ - INFO - Calculation completed successfully for Steel pipe with 3 bends
2024-09-22 03:39:53,751 - __main__ - INFO - Calculation completed successfully for PVC pipe with 2 bends
2024-09-22 03:39:59,584 - __main__ - INFO - Calculation completed successfully for Concrete pipe with 5 bends
2024-09-22 03:45:03,397 - __main__ - INFO - Calculation completed successfully for Steel pipe with 0 bends
2024-09-22 03:45:20,625 - __main__ - INFO - Calculation completed successfully for Concrete pipe with 0 bends
2024-09-22 03:45:43,474 - __main__ - INFO - Calculation completed successfully for Concrete pipe with 1 bends
2024-09-22 03:45:46,819 - __main__ - INFO - Calculation completed successfully for Concrete pipe with 7 bends
2024-09-22 03:45:51,692 - __main__ - INFO - Calculation completed successfully for Concrete pipe with 0 bends
2024-09-22 03:45:53,315 - __main__ - INFO - Calculation completed successfully for Concrete pipe with 0 bends
2024-09-22 03:45:56,808 - __main__ - INFO - Calculation completed successfully for Concrete pipe with 1 bends
2024-09-22 03:46:00,923 - __main__ - INFO - Calculation completed successfully for PVC pipe with 1 bends
2024-09-22 03:46:05,500 - __main__ - INFO - Calculation completed successfully for Cast Iron pipe with 1 bends
2024-09-22 03:46:11,443 - __main__ - INFO - Calculation completed successfully for Concrete pipe with 1 bends
2024-09-22 03:46:15,344 - __main__ - INFO - Calculation completed successfully for PVC pipe with 1 bends
2024-09-22 03:46:22,216 - __main__ - INFO - Calculation completed successfully for Concrete pipe with 1 bends
2024-09-22 03:46:28,093 - __main__ - INFO - Calculation completed successfully for PVC pipe with 1 bends
2024-09-22 03:48:58,685 - __main__ - INFO - Calculation completed successfully for Steel pipe with 0 bends
2024-09-22 03:49:06,773 - __main__ - INFO - Calculation completed successfully for PVC pipe with 0 bends
2024-09-22 03:49:11,759 - __main__ - INFO - Calculation completed successfully for Concrete pipe with 0 bends
2024-09-22 03:49:16,617 - __main__ - INFO - Calculation completed successfully for Cast Iron pipe with 0 bends
2024-09-22 03:49:22,722 - __main__ - INFO - Calculation completed successfully for Cast Iron pipe with 0 bends
2024-09-22 03:49:30,383 - __main__ - INFO - Calculation completed successfully for Cast Iron pipe with 0 bends
2024-09-22 03:49:39,242 - __main__ - INFO - Calculation completed successfully for PVC pipe with 10 bends
2024-09-22 03:49:47,614 - __main__ - INFO - Calculation completed successfully for PVC pipe with 8 bends
2024-09-22 03:49:52,290 - __main__ - INFO - Calculation completed successfully for PVC pipe with 0 bends
2024-09-22 03:49:57,387 - __main__ - INFO - Calculation completed successfully for Copper pipe with 0 bends
2024-09-22 03:50:20,584 - __main__ - INFO - Calculation completed successfully for Copper pipe with 0 bends
2024-09-22 03:50:25,999 - __main__ - INFO - Calculation completed successfully for PVC pipe with 0 bends
2024-09-22 03:50:30,291 - __main__ - INFO - Calculation completed successfully for Copper pipe with 0 bends
2024-09-22 03:50:35,417 - __main__ - INFO - Calculation completed successfully for Cast Iron pipe with 0 bends
2024-09-22 03:50:39,663 - __main__ - INFO - Calculation completed successfully for PVC pipe with 0 bends
2024-09-22 03:50:45,428 - __main__ - INFO - Calculation completed successfully for Cast Iron pipe with 0 bends
2024-09-22 03:50:57,041 - __main__ - INFO - Calculation completed successfully for PVC pipe with 0 bends
2024-09-22 03:51:01,962 - __main__ - INFO - Calculation completed successfully for Concrete pipe with 0 bends
2024-09-22 03:51:06,222 - __main__ - INFO - Calculation completed successfully for Concrete pipe with 10 bends
2024-09-22 03:51:13,592 - __main__ - INFO - Calculation completed successfully for Concrete pipe with 3 bends
2024-09-22 03:51:16,119 - __main__ - INFO - Calculation completed successfully for Steel pipe with 3 bends
2024-09-22 03:51:21,661 - __main__ - INFO - Calculation completed successfully for PVC pipe with 2 bends
2024-09-22 03:51:27,405 - __main__ - INFO - Calculation completed successfully for Concrete pipe with 5 bends
2024-09-22 03:51:32,792 - __main__ - INFO - Calculation completed successfully for Copper pipe with 1 bends
2024-09-22 03:51:38,394 - __main__ - INFO - Calculation completed successfully for Cast Iron pipe with 4 bends
2024-09-22 03:51:38,949 - __main__ - INFO - Calculation completed successfully for Steel pipe with 3 bends
2024-09-22 03:51:44,472 - __main__ - INFO - Calculation completed successfully for PVC pipe with 2 bends
2024-09-22 03:51:45,216 - __main__ - INFO - Calculation completed successfully for Steel pipe with 3 bends
2024-09-22 03:51:50,736 - __main__ - INFO - Calculation completed successfully for PVC pipe with 2 bends
2024-09-22 03:51:51,258 - __main__ - INFO - Calculation completed successfully for Steel pipe with 3 bends
2024-09-22 03:51:56,785 - __main__ - INFO - Calculation completed successfully for PVC pipe with 2 bends
2024-09-22 03:51:57,303 - __main__ - INFO - Calculation completed successfully for Steel pipe with 3 bends
2024-09-22 03:52:02,835 - __main__ - INFO - Calculation completed successfully for PVC pipe with 2 bends
2024-09-22 03:52:08,649 - __main__ - INFO - Calculation completed successfully for Concrete pipe with 5 bends
2024-09-22 12:06:08,490 - __main__ - INFO - Calculation completed successfully for Steel pipe with 0 bends
2024-09-22 12:08:25,576 - __main__ - INFO - Calculation completed successfully for Steel pipe with 0 bends
2024-09-22 12:08:27,957 - __main__ - INFO - Calculation completed successfully for Steel pipe with 0 bends
2024-09-22 12:08:29,139 - __main__ - INFO - Calculation completed successfully for Steel pipe with 0 bends
2024-09-22 12:08:29,945 - __main__ - INFO - Calculation completed successfully for Steel pipe with 0 bends
2024-09-22 12:08:30,627 - __main__ - INFO - Calculation completed successfully for Steel pipe with 0 bends
2024-09-22 12:08:31,240 - __main__ - INFO - Calculation completed successfully for Steel pipe with 0 bends
2024-09-22 12:08:39,438 - __main__ - INFO - Calculation completed successfully for PVC pipe with 0 bends
2024-09-22 12:08:44,499 - __main__ - INFO - Calculation completed successfully for Copper pipe with 0 bends
2024-09-22 12:08:51,238 - __main__ - INFO - Calculation completed successfully for Copper pipe with 0 bends
2024-09-22 12:09:01,350 - __main__ - INFO - Calculation completed successfully for Copper pipe with 0 bends
2024-09-22 12:17:59,787 - __main__ - INFO - Calculation completed successfully for Steel pipe with 0 bends
2024-09-22 12:18:07,656 - __main__ - INFO - Calculation completed successfully for Steel pipe with 3 bends
2024-09-22 12:18:13,277 - __main__ - INFO - Calculation completed successfully for PVC pipe with 2 bends
2024-09-22 12:18:13,953 - __main__ - INFO - Calculation completed successfully for Steel pipe with 3 bends
2024-09-22 12:18:19,740 - __main__ - INFO - Calculation completed successfully for PVC pipe with 2 bends
2024-09-22 12:18:25,425 - __main__ - INFO - Calculation completed successfully for Concrete pipe with 5 bends
2024-09-22 12:18:26,181 - __main__ - INFO - Calculation completed successfully for Concrete pipe with 4 bends
2024-09-22 12:18:31,811 - __main__ - INFO - Calculation completed successfully for Copper pipe with 1 bends
2024-09-22 12:18:32,391 - __main__ - INFO - Calculation completed successfully for Copper pipe with 1 bends
2024-09-22 12:18:38,154 - __main__ - INFO - Calculation completed successfully for Cast Iron pipe with 4 bends
2024-09-22 12:18:52,522 - __main__ - INFO - Calculation completed successfully for Concrete pipe with 5 bends
2024-09-22 12:18:58,212 - __main__ - INFO - Calculation completed successfully for Copper pipe with 1 bends
2024-09-22 12:19:04,035 - __main__ - INFO - Calculation completed successfully for Cast Iron pipe with 4 bends
2024-09-22 12:19:33,373 - __main__ - INFO - Calculation completed successfully for PVC pipe with 0 bends
2024-09-22 12:19:51,789 - __main__ - INFO - Calculation completed successfully for PVC pipe with 0 bends
2024-09-22 12:20:01,101 - __main__ - INFO - Calculation completed successfully for PVC pipe with 2 bends
2024-09-22 12:20:05,614 - __main__ - INFO - Calculation completed successfully for PVC pipe with 8 bends
2024-09-22 12:20:10,788 - __main__ - INFO - Calculation completed successfully for PVC pipe with 10 bends
2024-09-22 12:20:16,560 - __main__ - INFO - Calculation completed successfully for PVC pipe with 0 bends
2024-09-22 12:20:33,035 - __main__ - INFO - Calculation completed successfully for PVC pipe with 0 bends
2024-09-22 12:20:42,958 - __main__ - INFO - Calculation completed successfully for PVC pipe with 0 bends
2024-09-22 12:20:55,614 - __main__ - INFO - Calculation completed successfully for PVC pipe with 0 bends
2024-09-22 12:21:08,607 - __main__ - INFO - Calculation completed successfully for Copper pipe with 0 bends
2024-09-22 12:21:13,847 - __main__ - INFO - Calculation completed successfully for Cast Iron pipe with 0 bends
2024-09-22 12:21:16,526 - __main__ - INFO - Calculation completed successfully for Steel pipe with 3 bends
2024-09-22 12:21:22,144 - __main__ - INFO - Calculation completed successfully for PVC pipe with 2 bends
2024-09-22 12:21:27,773 - __main__ - INFO - Calculation completed successfully for Concrete pipe with 5 bends
2024-09-22 12:21:33,566 - __main__ - INFO - Calculation completed successfully for Copper pipe with 1 bends
2024-09-22 12:21:39,214 - __main__ - INFO - Calculation completed successfully for Cast Iron pipe with 4 bends
2024-09-23 02:30:53,432 - __main__ - INFO - Calculation completed successfully for Steel pipe with 0 bends
2024-09-23 02:31:07,793 - __main__ - INFO - Calculation completed successfully for PVC pipe with 0 bends
2024-09-23 20:20:47,263 - __main__ - INFO - Calculation completed successfully for Steel pipe with 0 bends
2024-09-23 20:20:55,120 - __main__ - INFO - Calculation completed successfully for Concrete pipe with 0 bends
2024-09-23 20:21:00,554 - __main__ - INFO - Calculation completed successfully for PVC pipe with 0 bends
2024-09-23 20:21:16,789 - __main__ - INFO - Calculation completed successfully for PVC pipe with 0 bends
2024-09-23 20:21:30,474 - __main__ - INFO - Calculation completed successfully for Steel pipe with 3 bends
2024-09-23 20:21:36,189 - __main__ - INFO - Calculation completed successfully for PVC pipe with 2 bends
2024-09-23 20:21:41,857 - __main__ - INFO - Calculation completed successfully for Concrete pipe with 5 bends
2024-09-23 20:21:47,572 - __main__ - INFO - Calculation completed successfully for Copper pipe with 1 bends
2024-09-23 20:21:53,265 - __main__ - INFO - Calculation completed successfully for Cast Iron pipe with 4 bends
2024-09-25 12:49:17,727 - __main__ - INFO - Calculation completed successfully for Steel pipe with 0 bends
2024-09-25 12:49:43,285 - __main__ - INFO - Calculation completed successfully for Steel pipe with 3 bends
2024-09-25 12:49:48,923 - __main__ - INFO - Calculation completed successfully for PVC pipe with 2 bends
2024-09-25 12:49:54,550 - __main__ - INFO - Calculation completed successfully for Concrete pipe with 5 bends
2024-09-25 12:50:00,203 - __main__ - INFO - Calculation completed successfully for Copper pipe with 1 bends
2024-09-25 12:50:05,841 - __main__ - INFO - Calculation completed successfully for Cast Iron pipe with 4 bends
2024-11-18 13:13:07,379 - __main__ - INFO - Calculation completed successfully for Steel pipe with 3 bends
2024-11-18 13:13:13,030 - __main__ - INFO - Calculation completed successfully for PVC pipe with 2 bends
2024-11-18 13:13:18,643 - __main__ - INFO - Calculation completed successfully for Concrete pipe with 5 bends
2024-11-18 13:13:24,220 - __main__ - INFO - Calculation completed successfully for Copper pipe with 1 bends
2024-11-18 13:13:29,853 - __main__ - INFO - Calculation completed successfully for Cast Iron pipe with 4 bends
2024-11-27 17:56:57,929 - __main__ - INFO - Calculation completed successfully for Steel pipe with 0 bends
2024-11-27 17:57:13,600 - __main__ - INFO - Calculation completed successfully for Steel pipe with 0 bends
2024-11-27 17:57:25,619 - __main__ - INFO - Calculation completed successfully for PVC pipe with 0 bends
2024-11-27 17:57:34,235 - __main__ - INFO - Calculation completed successfully for Concrete pipe with 0 bends
2024-11-27 17:57:39,119 - __main__ - INFO - Calculation completed successfully for Cast Iron pipe with 0 bends
2024-11-27 17:57:42,238 - __main__ - INFO - Calculation completed successfully for Cast Iron pipe with 0 bends
2024-11-27 17:57:43,259 - __main__ - INFO - Calculation completed successfully for Cast Iron pipe with 0 bends
2024-11-27 17:57:44,925 - __main__ - INFO - Calculation completed successfully for Cast Iron pipe with 0 bends
2024-11-27 22:29:19,670 - __main__ - INFO - Calculation completed successfully for Steel pipe with 0 bends
2024-11-27 23:20:10,396 - __main__ - INFO - Calculation completed successfully for Steel pipe with 0 bends
2024-11-28 09:42:13,564 - __main__ - INFO - Calculation completed successfully for Steel pipe with 0 bends
2024-11-28 09:45:14,122 - __main__ - INFO - Calculation completed successfully for PVC pipe with 0 bends
2024-11-28 09:45:26,517 - __main__ - INFO - Calculation completed successfully for Concrete pipe with 0 bends
2024-11-28 09:45:31,635 - __main__ - INFO - Calculation completed successfully for Copper pipe with 0 bends
2024-11-28 09:45:35,118 - __main__ - INFO - Calculation completed successfully for Cast Iron pipe with 0 bends
2024-11-28 09:45:46,560 - __main__ - INFO - Calculation completed successfully for PVC pipe with 0 bends
2024-11-28 09:45:52,549 - __main__ - INFO - Calculation completed successfully for Concrete pipe with 0 bends
2024-11-28 09:46:00,339 - __main__ - INFO - Calculation completed successfully for Cast Iron pipe with 0 bends
2024-11-28 09:46:04,052 - __main__ - INFO - Calculation completed successfully for Copper pipe with 0 bends
2024-11-28 09:46:09,123 - __main__ - INFO - Calculation completed successfully for PVC pipe with 0 bends
2024-11-28 09:46:12,997 - __main__ - INFO - Calculation completed successfully for Concrete pipe with 0 bends
2024-11-28 09:46:16,629 - __main__ - INFO - Calculation completed successfully for Cast Iron pipe with 0 bends
2024-11-28 09:46:29,134 - __main__ - INFO - Calculation completed successfully for Cast Iron pipe with 0 bends
2024-11-28 09:52:24,391 - __main__ - INFO - Calculation completed successfully for Cast Iron pipe with 0 bends
2024-11-28 09:52:47,361 - __main__ - INFO - Calculation completed successfully for Cast Iron pipe with 0 bends
2024-11-28 09:53:03,598 - __main__ - INFO - Calculation completed successfully for Cast Iron pipe with 0 bends
2024-11-28 09:53:09,392 - __main__ - INFO - Calculation completed successfully for Cast Iron pipe with 0 bends
2024-11-28 09:53:15,807 - __main__ - INFO - Calculation completed successfully for Cast Iron pipe with 0 bends
2024-11-28 09:53:23,653 - __main__ - INFO - Calculation completed successfully for Cast Iron pipe with 0 bends
2024-11-28 09:53:35,541 - __main__ - INFO - Calculation completed successfully for Cast Iron pipe with 0 bends
2024-11-28 09:53:41,601 - __main__ - INFO - Calculation completed successfully for Cast Iron pipe with 0 bends
2024-11-28 09:53:58,427 - __main__ - INFO - Calculation completed successfully for Cast Iron pipe with 0 bends
2024-11-28 09:54:32,443 - __main__ - INFO - Calculation completed successfully for Cast Iron pipe with 0 bends
2024-11-28 09:56:02,870 - __main__ - INFO - Calculation completed successfully for Cast Iron pipe with 0 bends
2024-11-28 09:56:26,014 - __main__ - INFO - Calculation completed successfully for Cast Iron pipe with 0 bends
2024-11-28 09:57:26,134 - __main__ - INFO - Calculation completed successfully for Cast Iron pipe with 0 bends
2024-11-28 10:57:57,534 - __main__ - INFO - Calculation completed successfully for Steel pipe with 0 bends
2024-11-29 21:13:13,805 - __main__ - INFO - Calculation completed successfully for Steel pipe with 0 bends
2024-11-29 21:13:23,715 - __main__ - INFO - Calculation completed successfully for Steel pipe with 3 bends
